Log file open, 08/26/18 22:45:23
LogWindows: Failed to load 'aqProf.dll' (GetLastError=126)
LogWindows: File 'aqProf.dll' does not exist
LogWindows: Failed to load 'VtuneApi.dll' (GetLastError=126)
LogWindows: File 'VtuneApi.dll' does not exist
LogWindows: Failed to load 'VtuneApi32e.dll' (GetLastError=126)
LogWindows: File 'VtuneApi32e.dll' does not exist
LogInit: Display: Running engine for game: AssetPipeline_01
LogPlatformFile: Not using cached read wrapper
LogInit: Display: RandInit(-1992882108) SRandInit(-1992882108).
LogInit: Read version file with build ID '3944462'
LogInit: Overriding engine version to CL 4033788, compatible CL 3944462
LogInit: Registered custom module enumerator with build ID '3944462'
LogTaskGraph: Started task graph with 5 named threads and 35 total threads with 3 sets of task threads.
LogStats: Stats thread started at 0.417686
LogD3D11RHI: Aftermath initialized
LogICUInternationalization: Display: ICU TimeZone Detection - Raw Offset: -7:00, Platform Override: ''
LogModuleManager: Display: Found up-to-date module file ../../../Engine/Plugins/2D/Paper2D/Binaries/Win64/UE4Editor-Paper2D.dll (API version 3944462).
LogModuleManager: Display: Found up-to-date module file ../../../Engine/Plugins/2D/Paper2D/Binaries/Win64/UE4Editor-Paper2DEditor.dll (API version 3944462).
LogModuleManager: Display: Found up-to-date module file ../../../Engine/Plugins/2D/Paper2D/Binaries/Win64/UE4Editor-PaperSpriteSheetImporter.dll (API version 3944462).
LogModuleManager: Display: Found up-to-date module file ../../../Engine/Plugins/2D/Paper2D/Binaries/Win64/UE4Editor-PaperTiledImporter.dll (API version 3944462).
LogModuleManager: Display: Found up-to-date module file ../../../Engine/Plugins/2D/Paper2D/Binaries/Win64/UE4Editor-SmartSnapping.dll (API version 3944462).
LogModuleManager: Display: Found up-to-date module file ../../../Engine/Plugins/Blendables/LightPropagationVolume/Binaries/Win64/UE4Editor-LightPropagationVolumeRuntime.dll (API version 3944462).
LogModuleManager: Display: Found up-to-date module file ../../../Engine/Plugins/Blendables/LightPropagationVolume/Binaries/Win64/UE4Editor-LightPropagationVolumeEditor.dll (API version 3944462).
LogModuleManager: Display: Found up-to-date module file ../../../Engine/Plugins/Developer/CLionSourceCodeAccess/Binaries/Win64/UE4Editor-CLionSourceCodeAccess.dll (API version 3944462).
LogModuleManager: Display: Found up-to-date module file ../../../Engine/Plugins/Developer/GitSourceControl/Binaries/Win64/UE4Editor-GitSourceControl.dll (API version 3944462).
LogModuleManager: Display: Found up-to-date module file ../../../Engine/Plugins/Developer/PerforceSourceControl/Binaries/Win64/UE4Editor-PerforceSourceControl.dll (API version 3944462).
LogModuleManager: Display: Found up-to-date module file ../../../Engine/Plugins/Developer/SubversionSourceControl/Binaries/Win64/UE4Editor-SubversionSourceControl.dll (API version 3944462).
LogModuleManager: Display: Found up-to-date module file ../../../Engine/Plugins/Developer/UObjectPlugin/Binaries/Win64/UE4Editor-UObjectPlugin.dll (API version 3944462).
LogModuleManager: Display: Found up-to-date module file ../../../Engine/Plugins/Developer/VisualStudioCodeSourceCodeAccess/Binaries/Win64/UE4Editor-VisualStudioCodeSourceCodeAccess.dll (API version 3944462).
LogModuleManager: Display: Found up-to-date module file ../../../Engine/Plugins/Developer/VisualStudioSourceCodeAccess/Binaries/Win64/UE4Editor-VisualStudioSourceCodeAccess.dll (API version 3944462).
LogModuleManager: Display: Found up-to-date module file ../../../Engine/Plugins/Editor/AssetManagerEditor/Binaries/Win64/UE4Editor-AssetManagerEditor.dll (API version 3944462).
LogModuleManager: Display: Found up-to-date module file ../../../Engine/Plugins/Editor/CryptoKeys/Binaries/Win64/UE4Editor-CryptoKeys.dll (API version 3944462).
LogModuleManager: Display: Found up-to-date module file ../../../Engine/Plugins/Editor/CryptoKeys/Binaries/Win64/UE4Editor-CryptoKeysOpenSSL.dll (API version 3944462).
LogModuleManager: Display: Found up-to-date module file ../../../Engine/Plugins/Editor/DataValidation/Binaries/Win64/UE4Editor-DataValidation.dll (API version 3944462).
LogModuleManager: Display: Found up-to-date module file ../../../Engine/Plugins/Editor/FacialAnimation/Binaries/Win64/UE4Editor-FacialAnimation.dll (API version 3944462).
LogModuleManager: Display: Found up-to-date module file ../../../Engine/Plugins/Editor/FacialAnimation/Binaries/Win64/UE4Editor-FacialAnimationEditor.dll (API version 3944462).
LogModuleManager: Display: Found up-to-date module file ../../../Engine/Plugins/Editor/GameplayTagsEditor/Binaries/Win64/UE4Editor-GameplayTagsEditor.dll (API version 3944462).
LogModuleManager: Display: Found up-to-date module file ../../../Engine/Plugins/Editor/MobileLauncherProfileWizard/Binaries/Win64/UE4Editor-MobileLauncherProfileWizard.dll (API version 3944462).
LogModuleManager: Display: Found up-to-date module file ../../../Engine/Plugins/Editor/PluginBrowser/Binaries/Win64/UE4Editor-PluginBrowser.dll (API version 3944462).
LogModuleManager: Display: Found up-to-date module file ../../../Engine/Plugins/Editor/SpeedTreeImporter/Binaries/Win64/UE4Editor-SpeedTreeImporter.dll (API version 3944462).
LogModuleManager: Display: Found up-to-date module file ../../../Engine/Plugins/Enterprise/DatasmithContent/Binaries/Win64/UE4Editor-DatasmithContent.dll (API version 3944462).
LogModuleManager: Display: Found up-to-date module file ../../../Engine/Plugins/Experimental/AlembicImporter/Binaries/Win64/UE4Editor-AlembicImporter.dll (API version 3944462).
LogModuleManager: Display: Found up-to-date module file ../../../Engine/Plugins/Experimental/AlembicImporter/Binaries/Win64/UE4Editor-AlembicLibrary.dll (API version 3944462).
LogModuleManager: Display: Found up-to-date module file ../../../Engine/Plugins/Experimental/CharacterAI/Binaries/Win64/UE4Editor-CharacterAI.dll (API version 3944462).
LogModuleManager: Display: Found up-to-date module file ../../../Engine/Plugins/Experimental/HTML5Networking/Binaries/Win64/UE4Editor-HTML5Networking.dll (API version 3944462).
LogModuleManager: Display: Found up-to-date module file ../../../Engine/Plugins/Media/AndroidMedia/Binaries/Win64/UE4Editor-AndroidMediaEditor.dll (API version 3944462).
LogModuleManager: Display: Found up-to-date module file ../../../Engine/Plugins/Media/AndroidMedia/Binaries/Win64/UE4Editor-AndroidMediaFactory.dll (API version 3944462).
LogModuleManager: Display: Found up-to-date module file ../../../Engine/Plugins/Media/AvfMedia/Binaries/Win64/UE4Editor-AvfMediaEditor.dll (API version 3944462).
LogModuleManager: Display: Found up-to-date module file ../../../Engine/Plugins/Media/AvfMedia/Binaries/Win64/UE4Editor-AvfMediaFactory.dll (API version 3944462).
LogModuleManager: Display: Found up-to-date module file ../../../Engine/Plugins/Media/AvfMedia/Binaries/Win64/UE4Editor-AvfMediaFactory.dll (API version 3944462).
LogModuleManager: Display: Found up-to-date module file ../../../Engine/Plugins/Media/ImgMedia/Binaries/Win64/UE4Editor-ImgMedia.dll (API version 3944462).
LogModuleManager: Display: Found up-to-date module file ../../../Engine/Plugins/Media/ImgMedia/Binaries/Win64/UE4Editor-ImgMediaEditor.dll (API version 3944462).
LogModuleManager: Display: Found up-to-date module file ../../../Engine/Plugins/Media/ImgMedia/Binaries/Win64/UE4Editor-ImgMediaFactory.dll (API version 3944462).
LogModuleManager: Display: Found up-to-date module file ../../../Engine/Plugins/Media/ImgMedia/Binaries/Win64/UE4Editor-ImgMediaFactory.dll (API version 3944462).
LogModuleManager: Display: Found up-to-date module file ../../../Engine/Plugins/Media/ImgMedia/Binaries/Win64/UE4Editor-OpenExrWrapper.dll (API version 3944462).
LogModuleManager: Display: Found up-to-date module file ../../../Engine/Plugins/Media/LinearTimecode/Binaries/Win64/UE4Editor-LinearTimecode.dll (API version 3944462).
LogModuleManager: Display: Found up-to-date module file ../../../Engine/Plugins/Media/MediaCompositing/Binaries/Win64/UE4Editor-MediaCompositing.dll (API version 3944462).
LogModuleManager: Display: Found up-to-date module file ../../../Engine/Plugins/Media/MediaCompositing/Binaries/Win64/UE4Editor-MediaCompositingEditor.dll (API version 3944462).
LogModuleManager: Display: Found up-to-date module file ../../../Engine/Plugins/Media/MediaPlayerEditor/Binaries/Win64/UE4Editor-MediaPlayerEditor.dll (API version 3944462).
LogModuleManager: Display: Found up-to-date module file ../../../Engine/Plugins/Media/WmfMedia/Binaries/Win64/UE4Editor-WmfMedia.dll (API version 3944462).
LogModuleManager: Display: Found up-to-date module file ../../../Engine/Plugins/Media/WmfMedia/Binaries/Win64/UE4Editor-WmfMediaEditor.dll (API version 3944462).
LogModuleManager: Display: Found up-to-date module file ../../../Engine/Plugins/Media/WmfMedia/Binaries/Win64/UE4Editor-WmfMediaFactory.dll (API version 3944462).
LogModuleManager: Display: Found up-to-date module file ../../../Engine/Plugins/Media/WmfMedia/Binaries/Win64/UE4Editor-WmfMediaFactory.dll (API version 3944462).
LogModuleManager: Display: Found up-to-date module file ../../../Engine/Plugins/Messaging/TcpMessaging/Binaries/Win64/UE4Editor-TcpMessaging.dll (API version 3944462).
LogModuleManager: Display: Found up-to-date module file ../../../Engine/Plugins/Messaging/UdpMessaging/Binaries/Win64/UE4Editor-UdpMessaging.dll (API version 3944462).
LogModuleManager: Display: Found up-to-date module file ../../../Engine/Plugins/MovieScene/ActorSequence/Binaries/Win64/UE4Editor-ActorSequence.dll (API version 3944462).
LogModuleManager: Display: Found up-to-date module file ../../../Engine/Plugins/MovieScene/LevelSequenceEditor/Binaries/Win64/UE4Editor-LevelSequenceEditor.dll (API version 3944462).
LogModuleManager: Display: Found up-to-date module file ../../../Engine/Plugins/MovieScene/MatineeToLevelSequence/Binaries/Win64/UE4Editor-MatineeToLevelSequence.dll (API version 3944462).
LogModuleManager: Display: Found up-to-date module file ../../../Engine/Plugins/NetcodeUnitTest/NetcodeUnitTest/Binaries/Win64/UE4Editor-NetcodeUnitTest.dll (API version 3944462).
LogModuleManager: Display: Found up-to-date module file ../../../Engine/Plugins/NetcodeUnitTest/NUTUnrealEngine4/Binaries/Win64/UE4Editor-NUTUnrealEngine4.dll (API version 3944462).
LogModuleManager: Display: Found up-to-date module file ../../../Engine/Plugins/Online/OnlineSubsystem/Binaries/Win64/UE4Editor-OnlineSubsystem.dll (API version 3944462).
LogModuleManager: Display: Found up-to-date module file ../../../Engine/Plugins/Runtime/AndroidPermission/Binaries/Win64/UE4Editor-AndroidPermission.dll (API version 3944462).
LogModuleManager: Display: Found up-to-date module file ../../../Engine/Plugins/Online/OnlineSubsystemNull/Binaries/Win64/UE4Editor-OnlineSubsystemNull.dll (API version 3944462).
LogModuleManager: Display: Found up-to-date module file ../../../Engine/Plugins/Online/OnlineSubsystemUtils/Binaries/Win64/UE4Editor-OnlineSubsystemUtils.dll (API version 3944462).
LogModuleManager: Display: Found up-to-date module file ../../../Engine/Plugins/Online/OnlineSubsystemUtils/Binaries/Win64/UE4Editor-OnlineBlueprintSupport.dll (API version 3944462).
LogModuleManager: Display: Found up-to-date module file ../../../Engine/Plugins/Runtime/AndroidDeviceProfileSelector/Binaries/Win64/UE4Editor-AndroidDeviceProfileSelector.dll (API version 3944462).
LogModuleManager: Display: Found up-to-date module file ../../../Engine/Plugins/Runtime/AppleARKit/Binaries/Win64/UE4Editor-AppleARKit.dll (API version 3944462).
LogModuleManager: Display: Found up-to-date module file ../../../Engine/Plugins/Runtime/ProceduralMeshComponent/Binaries/Win64/UE4Editor-ProceduralMeshComponent.dll (API version 3944462).
LogModuleManager: Display: Found up-to-date module file ../../../Engine/Plugins/Runtime/ProceduralMeshComponent/Binaries/Win64/UE4Editor-ProceduralMeshComponentEditor.dll (API version 3944462).
LogModuleManager: Display: Found up-to-date module file ../../../Engine/Plugins/Animation/LiveLink/Binaries/Win64/UE4Editor-LiveLink.dll (API version 3944462).
LogModuleManager: Display: Found up-to-date module file ../../../Engine/Plugins/Animation/LiveLink/Binaries/Win64/UE4Editor-LiveLinkEditor.dll (API version 3944462).
LogModuleManager: Display: Found up-to-date module file ../../../Engine/Plugins/Runtime/ArchVisCharacter/Binaries/Win64/UE4Editor-ArchVisCharacter.dll (API version 3944462).
LogModuleManager: Display: Found up-to-date module file ../../../Engine/Plugins/Runtime/AudioCapture/Binaries/Win64/UE4Editor-AudioCapture.dll (API version 3944462).
LogModuleManager: Display: Found up-to-date module file ../../../Engine/Plugins/Runtime/AudioCapture/Binaries/Win64/UE4Editor-AudioCaptureEditor.dll (API version 3944462).
LogModuleManager: Display: Found up-to-date module file ../../../Engine/Plugins/Runtime/CableComponent/Binaries/Win64/UE4Editor-CableComponent.dll (API version 3944462).
LogModuleManager: Display: Found up-to-date module file ../../../Engine/Plugins/Runtime/CustomMeshComponent/Binaries/Win64/UE4Editor-CustomMeshComponent.dll (API version 3944462).
LogModuleManager: Display: Found up-to-date module file ../../../Engine/Plugins/Runtime/ExampleDeviceProfileSelector/Binaries/Win64/UE4Editor-ExampleDeviceProfileSelector.dll (API version 3944462).
LogModuleManager: Display: Found up-to-date module file ../../../Engine/Plugins/Runtime/ImmediatePhysics/Binaries/Win64/UE4Editor-ImmediatePhysics.dll (API version 3944462).
LogModuleManager: Display: Found up-to-date module file ../../../Engine/Plugins/Runtime/ImmediatePhysics/Binaries/Win64/UE4Editor-ImmediatePhysicsEditor.dll (API version 3944462).
LogModuleManager: Display: Found up-to-date module file ../../../Engine/Plugins/Runtime/LocationServicesBPLibrary/Binaries/Win64/UE4Editor-LocationServicesBPLibrary.dll (API version 3944462).
LogModuleManager: Display: Found up-to-date module file ../../../Engine/Plugins/Runtime/MobilePatchingUtils/Binaries/Win64/UE4Editor-MobilePatchingUtils.dll (API version 3944462).
LogModuleManager: Display: Found up-to-date module file ../../../Engine/Plugins/Runtime/Oculus/OculusVR/Binaries/Win64/UE4Editor-OculusHMD.dll (API version 3944462).
LogModuleManager: Display: Found up-to-date module file ../../../Engine/Plugins/Runtime/Oculus/OculusVR/Binaries/Win64/UE4Editor-OculusInput.dll (API version 3944462).
LogModuleManager: Display: Found up-to-date module file ../../../Engine/Plugins/Runtime/Oculus/OculusVR/Binaries/Win64/UE4Editor-OculusEditor.dll (API version 3944462).
LogModuleManager: Display: Found up-to-date module file ../../../Engine/Plugins/Runtime/PhysXVehicles/Binaries/Win64/UE4Editor-PhysXVehicles.dll (API version 3944462).
LogModuleManager: Display: Found up-to-date module file ../../../Engine/Plugins/Runtime/PhysXVehicles/Binaries/Win64/UE4Editor-PhysXVehiclesEditor.dll (API version 3944462).
LogModuleManager: Display: Found up-to-date module file ../../../Engine/Plugins/Runtime/RuntimePhysXCooking/Binaries/Win64/UE4Editor-RuntimePhysXCooking.dll (API version 3944462).
LogModuleManager: Display: Found up-to-date module file ../../../Engine/Plugins/Runtime/Steam/SteamVR/Binaries/Win64/UE4Editor-SteamVR.dll (API version 3944462).
LogModuleManager: Display: Found up-to-date module file ../../../Engine/Plugins/Runtime/Steam/SteamVR/Binaries/Win64/UE4Editor-SteamVRController.dll (API version 3944462).
LogModuleManager: Display: Found up-to-date module file ../../../Engine/Plugins/Runtime/WindowsMoviePlayer/Binaries/Win64/UE4Editor-WindowsMoviePlayer.dll (API version 3944462).
LogPluginManager: Mounting plugin Paper2D
LogPluginManager: Mounting plugin LiveLink
LogPluginManager: Mounting plugin LightPropagationVolume
LogPluginManager: Mounting plugin CLionSourceCodeAccess
LogPluginManager: Mounting plugin CodeLiteSourceCodeAccess
LogPluginManager: Mounting plugin GitSourceControl
LogPluginManager: Mounting plugin KDevelopSourceCodeAccess
LogPluginManager: Mounting plugin NullSourceCodeAccess
LogPluginManager: Mounting plugin PerforceSourceControl
LogPluginManager: Mounting plugin SubversionSourceControl
LogPluginManager: Mounting plugin UObjectPlugin
LogPluginManager: Mounting plugin VisualStudioCodeSourceCodeAccess
LogPluginManager: Mounting plugin VisualStudioSourceCodeAccess
LogPluginManager: Mounting plugin XCodeSourceCodeAccess
LogPluginManager: Mounting plugin AssetManagerEditor
LogPluginManager: Mounting plugin CryptoKeys
LogPluginManager: Mounting plugin DataValidation
LogPluginManager: Mounting plugin FacialAnimation
LogPluginManager: Mounting plugin GameplayTagsEditor
LogPluginManager: Mounting plugin MobileLauncherProfileWizard
LogPluginManager: Mounting plugin PluginBrowser
LogPluginManager: Mounting plugin SpeedTreeImporter
LogPluginManager: Mounting plugin DatasmithContent
LogPluginManager: Mounting plugin AlembicImporter
LogPluginManager: Mounting plugin CharacterAI
LogPluginManager: Mounting plugin HTML5Networking
LogPluginManager: Mounting plugin AndroidMedia
LogPluginManager: Mounting plugin AvfMedia
LogPluginManager: Mounting plugin ImgMedia
LogPluginManager: Mounting plugin LinearTimecode
LogPluginManager: Mounting plugin MediaCompositing
LogPluginManager: Mounting plugin MediaPlayerEditor
LogPluginManager: Mounting plugin WmfMedia
LogPluginManager: Mounting plugin TcpMessaging
LogPluginManager: Mounting plugin UdpMessaging
LogPluginManager: Mounting plugin ActorSequence
LogPluginManager: Mounting plugin LevelSequenceEditor
LogPluginManager: Mounting plugin MatineeToLevelSequence
LogPluginManager: Mounting plugin NetcodeUnitTest
LogPluginManager: Mounting plugin NUTUnrealEngine4
LogPluginManager: Mounting plugin OnlineSubsystemGooglePlay
LogPluginManager: Mounting plugin OnlineSubsystemIOS
LogPluginManager: Mounting plugin OnlineSubsystem
LogPluginManager: Mounting plugin OnlineSubsystemNull
LogPluginManager: Mounting plugin OnlineSubsystemUtils
LogPluginManager: Mounting plugin AndroidDeviceProfileSelector
LogPluginManager: Mounting plugin AndroidMoviePlayer
LogPluginManager: Mounting plugin AndroidPermission
LogPluginManager: Mounting plugin AppleARKit
LogPluginManager: Mounting plugin AppleMoviePlayer
LogPluginManager: Mounting plugin ArchVisCharacter
LogPluginManager: Mounting plugin AudioCapture
LogPluginManager: Mounting plugin CableComponent
LogPluginManager: Mounting plugin CustomMeshComponent
LogPluginManager: Mounting plugin ExampleDeviceProfileSelector
LogPluginManager: Mounting plugin GoogleCloudMessaging
LogPluginManager: Mounting plugin ImmediatePhysics
LogPluginManager: Mounting plugin IOSDeviceProfileSelector
LogPluginManager: Mounting plugin LinuxDeviceProfileSelector
LogPluginManager: Mounting plugin LocationServicesBPLibrary
LogPluginManager: Mounting plugin MobilePatchingUtils
LogPluginManager: Mounting plugin OculusVR
LogPluginManager: Plugin shader directory ../../../Engine/Plugins/Runtime/Oculus/OculusVR/Shaders found
LogPluginManager: Mapping shader source directory ../../../Engine/Plugins/Runtime/Oculus/OculusVR/Shaders to virtual directory /Plugin/OculusVR
LogPluginManager: Mounting plugin PhysXVehicles
LogPluginManager: Mounting plugin ProceduralMeshComponent
LogPluginManager: Mounting plugin RuntimePhysXCooking
LogPluginManager: Mounting plugin SteamVR
LogPluginManager: Mounting plugin WindowsMoviePlayer
LogStreaming: Display: Took  1.115s to configure plugins.
LogInit: Using libcurl 7.47.1
LogInit:  - built for x86_64-pc-win32
LogInit:  - supports SSL with OpenSSL/1.0.2g
LogInit:  - supports HTTP deflate (compression) using libz 1.2.8
LogInit:  - other features:
LogInit:      CURL_VERSION_SSL
LogInit:      CURL_VERSION_LIBZ
LogInit:      CURL_VERSION_IPV6
LogInit:      CURL_VERSION_ASYNCHDNS
LogInit:      CURL_VERSION_LARGEFILE
LogInit:      CURL_VERSION_IDN
LogInit:  CurlRequestOptions (configurable via config and command line):
LogInit:  - bVerifyPeer = false  - Libcurl will NOT verify peer certificate
LogInit:  - bUseHttpProxy = false  - Libcurl will NOT use HTTP proxy
LogInit:  - bDontReuseConnections = false  - Libcurl will reuse connections
LogInit:  - CertBundlePath = nullptr  - Libcurl will use whatever was configured at build time.
LogInit:  - MaxHostConnections = 16  - Libcurl will limit the number of connections to a host
LogInit:  - LocalHostAddr = Default
LogInit: WinSock: version 1.1 (2.2), MaxSocks=32767, MaxUdp=65467
LogInit: WinSock: I am DesktopRoy (192.168.1.117:0)
LogInit: Build: ++UE4+Release-4.19-CL-4033788
LogInit: Engine Version: 4.19.2-4033788+++UE4+Release-4.19
LogInit: Compatible Engine Version: 4.19.0-3944462+++UE4+Release-4.19
LogInit: Net CL: 3944462
LogDevObjectVersion: Number of dev versions registered: 18
LogDevObjectVersion:   Dev-Blueprints (B0D832E4-1F89-4F0D-ACCF-7EB736FD4AA2): 10
LogDevObjectVersion:   Dev-Build (E1C64328-A22C-4D53-A36C-8E866417BD8C): 0
LogDevObjectVersion:   Dev-Core (375EC13C-06E4-48FB-B500-84F0262A717E): 2
LogDevObjectVersion:   Dev-Editor (E4B068ED-F494-42E9-A231-DA0B2E46BB41): 23
LogDevObjectVersion:   Dev-Framework (CFFC743F-43B0-4480-9391-14DF171D2073): 33
LogDevObjectVersion:   Dev-Mobile (B02B49B5-BB20-44E9-A304-32B752E40360): 2
LogDevObjectVersion:   Dev-Networking (A4E4105C-59A1-49B5-A7C5-40C4547EDFEE): 0
LogDevObjectVersion:   Dev-Online (39C831C9-5AE6-47DC-9A44-9C173E1C8E7C): 0
LogDevObjectVersion:   Dev-Physics (78F01B33-EBEA-4F98-B9B4-84EACCB95AA2): 0
LogDevObjectVersion:   Dev-Platform (6631380F-2D4D-43E0-8009-CF276956A95A): 0
LogDevObjectVersion:   Dev-Rendering (12F88B9F-8875-4AFC-A67C-D90C383ABD29): 25
LogDevObjectVersion:   Dev-Sequencer (7B5AE74C-D270-4C10-A958-57980B212A5A): 6
LogDevObjectVersion:   Dev-VR (D7296918-1DD6-4BDD-9DE2-64A83CC13884): 1
LogDevObjectVersion:   Dev-LoadTimes (C2A15278-BFE7-4AFE-6C17-90FF531DF755): 1
LogDevObjectVersion:   Private-Geometry (6EACA3D4-40EC-4CC1-B786-8BED09428FC5): 2
LogDevObjectVersion:   Dev-AnimPhys (29E575DD-E0A3-4627-9D10-D276232CDCEA): 16
LogDevObjectVersion:   Dev-ReflectionCapture (6B266CEC-1EC7-4B8F-A30B-E4D90942FC07): 1
LogDevObjectVersion:   Dev-Automation (0DF73D61-A23F-47EA-B727-89E90C41499A): 1
LogInit: Compiled (64-bit): Apr 27 2018 02:06:57
LogInit: Compiled with Visual C++: 19.00.24215.01
LogInit: Build Configuration: Development
LogInit: Branch Name: ++UE4+Release-4.19
LogInit: Command Line: -EpicPortal 
LogInit: Base Directory: C:/Program Files/Epic Games/UE_4.19/Engine/Binaries/Win64/
LogInit: Installed Engine Build: 1
LogStreaming: Display: Took  0.000s to delete old logs.
LogInit: Presizing for max 8388607 objects, including 0 objects not considered by GC, pre-allocating 0 bytes for permanent pool.
LogInit: Object subsystem initialized
[2018.08.27-04.45.25:150][  0]LogInit: Selected Device Profile: [Windows]
[2018.08.27-04.45.25:150][  0]LogInit: Applying CVar settings loaded from the selected device profile: [Windows]
[2018.08.27-04.45.25:162][  0]LogInit: Computer: DESKTOPROY
[2018.08.27-04.45.25:162][  0]LogInit: User: christian
[2018.08.27-04.45.25:162][  0]LogInit: CPU Page size=4096, Cores=6
[2018.08.27-04.45.25:162][  0]LogInit: High frequency timer resolution =3.515628 MHz
[2018.08.27-04.45.25:162][  0]LogMemory: Memory total: Physical=8.0GB (8GB approx)
[2018.08.27-04.45.25:162][  0]LogMemory: Platform Memory Stats for Windows
[2018.08.27-04.45.25:162][  0]LogMemory: Process Physical Memory: 273.60 MB used, 273.60 MB peak
[2018.08.27-04.45.25:162][  0]LogMemory: Process Virtual Memory: 271.42 MB used, 271.42 MB peak
[2018.08.27-04.45.25:162][  0]LogMemory: Physical Memory: 6168.47 MB used,  1974.82 MB free, 8143.29 MB total
[2018.08.27-04.45.25:162][  0]LogMemory: Virtual Memory: 4811.14 MB used,  1974.82 MB free, 134217728.00 MB total
[2018.08.27-04.45.25:190][  0]LogInit: Using OS detected language (en-US).
[2018.08.27-04.45.25:190][  0]LogInit: Using OS detected locale (en-US).
[2018.08.27-04.45.25:193][  0]LogTextLocalizationManager: No specific localization for 'en-US' exists, so the 'en' localization will be used.
[2018.08.27-04.45.25:642][  0]LogStreaming: Display: Took  0.451s to EndInitTextLocalization.
[2018.08.27-04.45.25:642][  0]LogInit: Setting process to per monitor DPI aware
[2018.08.27-04.45.25:678][  0]LogSlate: New Slate User Created.  User Index 0, Is Virtual User: 0
[2018.08.27-04.45.25:678][  0]LogSlate: Slate User Registered.  User Index 0, Is Virtual User: 0
[2018.08.27-04.45.25:882][  0]LogD3D11RHI: D3D11 adapters:
[2018.08.27-04.45.26:019][  0]LogD3D11RHI:    0. 'NVIDIA GeForce GTX 1060 6GB' (Feature Level 11_0)
[2018.08.27-04.45.26:019][  0]LogD3D11RHI:       6052/0/4071 MB DedicatedVideo/DedicatedSystem/SharedSystem, Outputs:1, VendorId:0x10de
[2018.08.27-04.45.26:021][  0]LogD3D11RHI:    1. 'Microsoft Basic Render Driver' (Feature Level 11_0)
[2018.08.27-04.45.26:021][  0]LogD3D11RHI:       0/0/4071 MB DedicatedVideo/DedicatedSystem/SharedSystem, Outputs:0, VendorId:0x1414
[2018.08.27-04.45.26:021][  0]LogD3D11RHI: Chosen D3D11 Adapter: 0
[2018.08.27-04.45.26:033][  0]LogD3D11RHI: Creating new Direct3DDevice
[2018.08.27-04.45.26:033][  0]LogD3D11RHI:     GPU DeviceId: 0x1c06 (for the marketing name, search the web for "GPU Device Id")
[2018.08.27-04.45.26:033][  0]LogWindows: EnumDisplayDevices:
[2018.08.27-04.45.26:033][  0]LogWindows:    0. 'NVIDIA GeForce GTX 1060 6GB' (P:1 D:1)
[2018.08.27-04.45.26:033][  0]LogWindows:    1. 'NVIDIA GeForce GTX 1060 6GB' (P:0 D:0)
[2018.08.27-04.45.26:033][  0]LogWindows:    2. 'NVIDIA GeForce GTX 1060 6GB' (P:0 D:0)
[2018.08.27-04.45.26:033][  0]LogWindows:    3. 'NVIDIA GeForce GTX 1060 6GB' (P:0 D:0)
[2018.08.27-04.45.26:034][  0]LogWindows: DebugString: GetVideoDriverDetailsInvalid PrimaryIsNotTheChoosenAdapter GetVideoDriverDetailsInvalid PrimaryIsNotTheChoosenAdapter GetVideoDriverDetailsInvalid PrimaryIsNotTheChoosenAdapter GetVideoDriverDetailsInvalid PrimaryIsNotTheChoosenAdapter FoundDriverCount:0 
[2018.08.27-04.45.26:034][  0]LogD3D11RHI:     Adapter Name: NVIDIA GeForce GTX 1060 6GB
[2018.08.27-04.45.26:034][  0]LogD3D11RHI:   Driver Version: Unknown (internal:Unknown, unified:Unknown)
[2018.08.27-04.45.26:034][  0]LogD3D11RHI:      Driver Date: Unknown
[2018.08.27-04.45.26:034][  0]LogRHI: Texture pool is 4236 MB (70% of 6052 MB)
[2018.08.27-04.45.26:082][  0]LogD3D11RHI: [Aftermath] Aftermath enabled and primed
[2018.08.27-04.45.26:082][  0]LogD3D11RHI: [Aftermath] Aftermath enabled and primed
[2018.08.27-04.45.26:082][  0]LogD3D11RHI: Async texture creation enabled
[2018.08.27-04.45.26:111][  0]LogD3D11RHI: GPU Timing Frequency: 1000.000000 (Debug: 2 2)
[2018.08.27-04.45.26:153][  0]LogShaderCompilers: Guid format shader working directory is -3 characters bigger than the processId version (../../../../../../dev/AssetPipeline/AssetPipeline_01/Intermediate/Shaders/WorkingDirectory/15976/).
[2018.08.27-04.45.26:153][  0]LogShaderCompilers: Cleaned the shader compiler working directory 'C:/Users/christian/AppData/Local/Temp/UnrealShaderWorkingDir/2AB983E64BD5EAD1022FB4AA6ABE9DEA/'.
[2018.08.27-04.45.26:398][  0]LogTemp: Display: Loaded TP AllDesktopTargetPlatform
[2018.08.27-04.45.26:416][  0]LogTemp: Display: Loaded TP MacClientTargetPlatform
[2018.08.27-04.45.26:435][  0]LogTemp: Display: Loaded TP MacNoEditorTargetPlatform
[2018.08.27-04.45.26:454][  0]LogTemp: Display: Loaded TP MacServerTargetPlatform
[2018.08.27-04.45.26:473][  0]LogTemp: Display: Loaded TP MacTargetPlatform
[2018.08.27-04.45.26:492][  0]LogTemp: Display: Loaded TP WindowsClientTargetPlatform
[2018.08.27-04.45.26:512][  0]LogTemp: Display: Loaded TP WindowsNoEditorTargetPlatform
[2018.08.27-04.45.26:533][  0]LogTemp: Display: Loaded TP WindowsServerTargetPlatform
[2018.08.27-04.45.26:544][  0]LogTemp: Display: Loaded TP WindowsTargetPlatform
[2018.08.27-04.45.26:562][  0]LogTemp: Display: Loaded TP Android_ASTCTargetPlatform
[2018.08.27-04.45.26:579][  0]LogTemp: Display: Loaded TP Android_ATCTargetPlatform
[2018.08.27-04.45.26:596][  0]LogTemp: Display: Loaded TP Android_DXTTargetPlatform
[2018.08.27-04.45.26:613][  0]LogTemp: Display: Loaded TP Android_ETC1aTargetPlatform
[2018.08.27-04.45.26:630][  0]LogTemp: Display: Loaded TP Android_ETC1TargetPlatform
[2018.08.27-04.45.26:647][  0]LogTemp: Display: Loaded TP Android_ETC2TargetPlatform
[2018.08.27-04.45.26:680][  0]LogTemp: Display: Loaded TP Android_MultiTargetPlatform
[2018.08.27-04.45.26:680][  0]LogTemp: Display: Loaded TP Android_PVRTCTargetPlatform
[2018.08.27-04.45.26:701][  0]LogTemp: Display: Loaded TP AndroidTargetPlatform
[2018.08.27-04.45.26:702][  0]LogTemp: Display: Loaded TP HTML5TargetPlatform
[2018.08.27-04.45.26:743][  0]LogTemp: Display: Loaded TP IOSTargetPlatform
[2018.08.27-04.45.26:757][  0]LogTemp: Display: Loaded TP TVOSTargetPlatform
[2018.08.27-04.45.26:772][  0]LogTemp: Display: Loaded TP LinuxClientTargetPlatform
[2018.08.27-04.45.26:787][  0]LogTemp: Display: Loaded TP LinuxNoEditorTargetPlatform
[2018.08.27-04.45.26:801][  0]LogTemp: Display: Loaded TP LinuxServerTargetPlatform
[2018.08.27-04.45.26:816][  0]LogTemp: Display: Loaded TP LinuxTargetPlatform
[2018.08.27-04.45.26:816][  0]LogTargetPlatformManager: Display: Building Assets For Windows
[2018.08.27-04.45.26:962][  0]LogXGEController: Cannot use XGE Controller as Incredibuild is not installed on this machine.
[2018.08.27-04.45.26:962][  0]LogShaderCompilers: Cannot use XGE Shader Compiler as Incredibuild is not installed on this machine.
[2018.08.27-04.45.26:963][  0]LogShaderCompilers: Display: Using Local Shader Compiler.
[2018.08.27-04.45.27:646][  0]LogDerivedDataCache: Display: Max Cache Size: 512 MB
[2018.08.27-04.45.27:754][  0]LogDerivedDataCache: Loaded boot cache 0.11s 81MB C:/Users/christian/AppData/Local/UnrealEngine/4.19/DerivedDataCache/Boot.ddc.
[2018.08.27-04.45.27:754][  0]LogDerivedDataCache: Display: Loaded Boot cache: C:/Users/christian/AppData/Local/UnrealEngine/4.19/DerivedDataCache/Boot.ddc
[2018.08.27-04.45.27:754][  0]LogDerivedDataCache: FDerivedDataBackendGraph:  Pak pak cache file ../../../../../../dev/AssetPipeline/AssetPipeline_01/DerivedDataCache/DDC.ddp not found, will not use a pak cache.
[2018.08.27-04.45.27:754][  0]LogDerivedDataCache: Unable to find inner node Pak for hierarchical cache Hierarchy.
[2018.08.27-04.45.27:754][  0]LogDerivedDataCache: FDerivedDataBackendGraph:  CompressedPak pak cache file ../../../../../../dev/AssetPipeline/AssetPipeline_01/DerivedDataCache/Compressed.ddp not found, will not use a pak cache.
[2018.08.27-04.45.27:754][  0]LogDerivedDataCache: Unable to find inner node CompressedPak for hierarchical cache Hierarchy.
[2018.08.27-04.45.27:774][  0]LogDerivedDataCache: Display: Pak cache opened for reading ../../../Engine/DerivedDataCache/Compressed.ddp.
[2018.08.27-04.45.27:786][  0]LogDerivedDataCache: Using Local data cache path C:/Users/christian/AppData/Local/UnrealEngine/Common/DerivedDataCache: Writable
[2018.08.27-04.45.27:786][  0]LogDerivedDataCache: Shared data cache path not found in *engine.ini, will not use an Shared cache.
[2018.08.27-04.45.27:786][  0]LogDerivedDataCache: Unable to find inner node Shared for hierarchical cache Hierarchy.
[2018.08.27-04.45.27:802][  0]LogMaterial: Verifying Global Shaders for PCD3D_SM5
[2018.08.27-04.45.27:803][  0]LogSlate: Using Freetype 2.6.0
[2018.08.27-04.45.27:804][  0]LogSlate: SlateFontCache - WITH_FREETYPE: 1, WITH_HARFBUZZ: 1
[2018.08.27-04.45.27:804][  0]LogSlate: SlateFontCache - WITH_FREETYPE: 1, WITH_HARFBUZZ: 1
[2018.08.27-04.45.27:970][  0]LogAssetRegistry: FAssetRegistry took 0.0269 seconds to start up
[2018.08.27-04.45.28:334][  0]LogInit: Selected Device Profile: [Windows]
[2018.08.27-04.45.28:498][  0]LogSimplygon: Simplygon DLL not present - disabling.
[2018.08.27-04.45.28:503][  0]LogMeshReduction: Using SimplygonSwarm for distributed automatic mesh merging
[2018.08.27-04.45.28:503][  0]LogMeshReduction: Using QuadricMeshReduction for automatic static mesh reduction
[2018.08.27-04.45.28:503][  0]LogMeshReduction: No automatic skeletal mesh reduction module available
[2018.08.27-04.45.28:503][  0]LogMeshReduction: No automatic mesh merging module available
[2018.08.27-04.45.28:503][  0]LogMeshMerging: No automatic mesh merging module available
[2018.08.27-04.45.28:541][  0]LogNetVersion: AssetPipeline_01 , NetCL: 3944462, EngineNetVer: 2, GameNetVer: 0 (Checksum: 4265700235)
[2018.08.27-04.45.29:115][  0]LogPackageLocalizationCache: Processed 9 localized package path(s) for 2 prioritized culture(s) in 0.097385 seconds
[2018.08.27-04.45.29:124][  0]LogUObjectArray: 36728 objects as part of root set at end of initial load.
[2018.08.27-04.45.29:124][  0]LogUObjectAllocator: 7314312 out of 0 bytes used by permanent object pool.
[2018.08.27-04.45.29:124][  0]LogUObjectArray: CloseDisregardForGC: 0/0 objects in disregard for GC pool
[2018.08.27-04.45.31:080][  0]LogTcpMessaging: Initializing TcpMessaging bridge
[2018.08.27-04.45.31:133][  0]LogUdpMessaging: Initializing bridge on interface 0.0.0.0:0 to multicast group 230.0.0.1:6666.
[2018.08.27-04.45.31:579][  0]SourceControl: Source control is disabled
[2018.08.27-04.45.31:579][  0]SourceControl: Source control is disabled
[2018.08.27-04.45.31:600][  0]SourceControl: Source control is disabled
[2018.08.27-04.45.31:622][  0]SourceControl: Source control is disabled
[2018.08.27-04.45.32:216][  0]LogAndroidPermission: UAndroidPermissionCallbackProxy::GetInstance
[2018.08.27-04.45.32:407][  0]LogOcInput: OculusInput pre-init called
[2018.08.27-04.45.32:542][  0]LogEngine: Initializing Engine...
[2018.08.27-04.45.32:544][  0]LogHMD: Failed to initialize OpenVR with code 110
[2018.08.27-04.45.32:545][  0]LogStats: UGameplayTagsManager::ConstructGameplayTagTree: Construct from data asset -  0.000 s
[2018.08.27-04.45.32:545][  0]LogStats: UGameplayTagsManager::ConstructGameplayTagTree: GameplayTagTreeChangedEvent.Broadcast -  0.000 s
[2018.08.27-04.45.32:849][  0]LogAIModule: Creating AISystem for world Untitled
[2018.08.27-04.45.32:974][  0]LogInit: XAudio2 using 'Speakers (Realtek High Definition Audio)' : 2 channels at 48 kHz using 32 bits per sample (channel mask 0x3)
[2018.08.27-04.45.33:016][  0]LogInit: FAudioDevice initialized.
[2018.08.27-04.45.33:175][  0]LogDerivedDataCache: Saved boot cache 0.16s 81MB C:/Users/christian/AppData/Local/UnrealEngine/4.19/DerivedDataCache/Boot.ddc.
[2018.08.27-04.45.33:212][  0]LogInit: Texture streaming: Enabled
[2018.08.27-04.45.33:245][  0]LogEngineSessionManager: EngineSessionManager initialized
[2018.08.27-04.45.33:273][  0]LogInit: Transaction tracking system initialized
[2018.08.27-04.45.33:325][  0]BlueprintLog: New page: Editor Load
[2018.08.27-04.45.33:557][  0]LocalizationService: Localization service is disabled
[2018.08.27-04.45.33:730][  0]LogConsoleResponse: Display: 
[2018.08.27-04.45.33:897][  0]LogFileCache: Scanning file cache for directory 'C:/dev/AssetPipeline/AssetPipeline_01/Content/' took 0.01s
[2018.08.27-04.45.33:897][  0]LogCook: Display: Max memory allowance for cook 16384mb min free memory 0mb
[2018.08.27-04.45.33:897][  0]LogCook: Display: Mobile HDR setting 1
[2018.08.27-04.45.33:897][  0]LogGameplayTags: Display: UGameplayTagsManager::DoneAddingNativeTags. DelegateIsBound: 0
[2018.08.27-04.45.33:897][  0]LogStats: UGameplayTagsManager::ConstructGameplayTagTree: Construct from data asset -  0.000 s
[2018.08.27-04.45.33:897][  0]LogStats: UGameplayTagsManager::ConstructGameplayTagTree: GameplayTagTreeChangedEvent.Broadcast -  0.000 s
[2018.08.27-04.45.34:373][  0]SourceControl: Source control is disabled
[2018.08.27-04.45.34:373][  0]Cmd: MAP LOAD FILE="../../../Engine/Content/Maps/Templates/Template_Default.umap" TEMPLATE=1 SHOWPROGRESS=1 FEATURELEVEL=3
[2018.08.27-04.45.34:373][  0]LightingResults: New page: Lighting Build
[2018.08.27-04.45.34:378][  0]MapCheck: New page: Map Check
[2018.08.27-04.45.34:378][  0]LightingResults: New page: Lighting Build
[2018.08.27-04.45.34:606][  0]LogAIModule: Creating AISystem for world Untitled_1
[2018.08.27-04.45.34:613][  0]LogEditorServer: Finished looking for orphan Actors (0.000 secs)
[2018.08.27-04.45.34:625][  0]Cmd: MAP CHECKDEP NOCLEARLOG
[2018.08.27-04.45.34:687][  0]MapCheck: Map check complete: 0 Error(s), 0 Warning(s), took 61.676ms to complete.
[2018.08.27-04.45.34:687][  0]LogFileHelpers: Loading map 'Template_Default' took 0.314
[2018.08.27-04.45.35:116][  0]LogCollectionManager: Loaded 0 collections in 0.003006 seconds
[2018.08.27-04.45.35:178][  0]LogFileCache: Scanning file cache for directory 'C:/dev/AssetPipeline/AssetPipeline_01/Saved/Collections/' took 0.01s
[2018.08.27-04.45.35:179][  0]LogFileCache: Scanning file cache for directory 'C:/dev/AssetPipeline/AssetPipeline_01/Content/Developers/christian/Collections/' took 0.01s
[2018.08.27-04.45.35:179][  0]LogFileCache: Scanning file cache for directory 'C:/dev/AssetPipeline/AssetPipeline_01/Content/Collections/' took 0.01s
[2018.08.27-04.45.35:179][  0]LogCollectionManager: Rebuilt the GUID cache for 0 collections in 0.000000 seconds
[2018.08.27-04.45.35:193][  0]LogContentBrowser: Native class hierarchy populated in 0.0135 seconds. Added 2452 classes and 558 folders.
[2018.08.27-04.45.35:211][  0]LogContentBrowser: Native class hierarchy updated for 'WidgetCarousel' in 0.0006 seconds. Added 0 classes and 0 folders.
[2018.08.27-04.45.35:619][  0]LogContentBrowser: Native class hierarchy updated for 'AddContentDialog' in 0.0002 seconds. Added 0 classes and 0 folders.
[2018.08.27-04.45.35:850][  0]LogContentBrowser: Native class hierarchy updated for 'SceneOutliner' in 0.0004 seconds. Added 1 classes and 2 folders.
[2018.08.27-04.45.35:873][  0]LogSlate: Took 0.000468 seconds to synchronously load lazily loaded font '../../../Engine/Content/Slate/Fonts/Roboto-Regular.ttf' (155K)
[2018.08.27-04.45.35:884][  0]LogSlate: Took 0.000598 seconds to synchronously load lazily loaded font '../../../Engine/Content/Slate/Fonts/Roboto-Bold.ttf' (160K)
[2018.08.27-04.45.35:901][  0]LogSlate: Took 0.010357 seconds to synchronously load lazily loaded font '../../../Engine/Content/Editor/Slate/Fonts/FontAwesome.ttf' (139K)
[2018.08.27-04.45.36:000][  0]LogRenderer: Reallocating scene render targets to support 1684x880 Format 10 NumSamples 1 (Frame:1).
[2018.08.27-04.45.36:347][  0]LogContentBrowser: Native class hierarchy updated for 'HierarchicalLODOutliner' in 0.0003 seconds. Added 0 classes and 0 folders.
[2018.08.27-04.45.36:348][  0]LogLoad: (Engine Initialization) Total time: 13.90 seconds
[2018.08.27-04.45.36:348][  0]LogLoad: (Engine Initialization) Total Blueprint compile time: 0.00 seconds
[2018.08.27-04.45.36:358][  0]LogWindowsTextInputMethodSystem: Display: IME system now deactivated.
[2018.08.27-04.45.36:383][  0]LogContentStreaming: Texture pool size now 1000 MB
[2018.08.27-04.45.38:613][222]LogAssetRegistry: Asset discovery search completed in 10.6651 seconds
[2018.08.27-04.45.38:615][222]LogCollectionManager: Rebuilt the object cache for 0 collections in 0.000000 seconds (found 0 objects)
[2018.08.27-04.45.38:615][222]LogCollectionManager: Fixed up redirectors for 0 collections in 0.000071 seconds (updated 0 objects)
[2018.08.27-04.45.42:942][722]LogSlate: FSceneViewport::OnFocusLost() reason 0
[2018.08.27-04.46.03:042][960]LogActorFactory: Actor Factory created Cone
[2018.08.27-04.46.05:782][247]LogActorFactory: Actor Factory created Cone
[2018.08.27-04.46.08:256][505]LogEditorViewport: Clicking on Actor (LMB): BP_Sky_Sphere_C (Sky Sphere)
[2018.08.27-04.46.10:379][692]LogEditorViewport: Clicking on Actor (LMB): BP_Sky_Sphere_C (Sky Sphere)
[2018.08.27-04.46.11:800][808]LogEditorViewport: Clicking on Actor (LMB): StaticMeshActor (Cone)
[2018.08.27-04.46.19:700][527]LogEditorViewport: Clicking on Actor (LMB): StaticMeshActor (Floor)
[2018.08.27-04.46.20:146][563]LogEditorViewport: Clicking on Actor (LMB): PlayerStart (Player Start)
[2018.08.27-04.46.21:466][706]LogNavigationPoint: PostEditMove Clear paths rebuilt
[2018.08.27-04.46.21:726][731]LogEditorViewport: Clicking on Actor (context menu): StaticMeshActor (Floor)
[2018.08.27-04.46.21:794][731]LogSlate: FSceneViewport::OnFocusLost() reason 2
[2018.08.27-04.46.21:998][749]LogEditorViewport: Clicking on Actor (LMB): StaticMeshActor (Cone)
[2018.08.27-04.46.22:642][815]LogEditorViewport: Clicking on Actor (LMB): StaticMeshActor (Floor)
[2018.08.27-04.46.24:411][985]LogEditorViewport: Clicking on Actor (LMB): BP_Sky_Sphere_C (Sky Sphere)
[2018.08.27-04.46.25:636][ 88]LogSlate: FSceneViewport::OnFocusLost() reason 0
[2018.08.27-04.46.34:071][ 97]LogSlate: Window 'Save Level As' being destroyed
[2018.08.27-04.46.34:157][ 97]LogSlate: Took 0.005298 seconds to synchronously load lazily loaded font '../../../Engine/Content/Slate/Fonts/Roboto-Light.ttf' (167K)
[2018.08.27-04.46.34:160][ 97]LogSlate: FSceneViewport::OnFocusLost() reason 2
[2018.08.27-04.46.34:182][ 97]Cmd: OBJ SAVEPACKAGE PACKAGE="/Game/Map_01" FILE="../../../../../../dev/AssetPipeline/AssetPipeline_01/Content/Map_01.umap" SILENT=true AUTOSAVING=false KEEPDIRTY=false
[2018.08.27-04.46.34:234][ 97]LogSavePackage: Save=30.80ms
[2018.08.27-04.46.34:234][ 97]LogSavePackage: Moving '../../../../../../dev/AssetPipeline/AssetPipeline_01/Saved/Map_014B6C78FD4F338DC3CFB2B381E8D3A252.tmp' to '../../../../../../dev/AssetPipeline/AssetPipeline_01/Content/Map_01.umap'
[2018.08.27-04.46.34:244][ 97]LogSavePackage: Display: Finished SavePackage ../../../../../../dev/AssetPipeline/AssetPipeline_01/Content/Map_01.umap
[2018.08.27-04.46.34:271][ 97]Cmd: OBJ SAVEPACKAGE PACKAGE="/Game/Map_01_BuiltData" FILE="../../../../../../dev/AssetPipeline/AssetPipeline_01/Content/Map_01_BuiltData.uasset" SILENT=true
[2018.08.27-04.46.34:294][ 97]LogSavePackage: Save=20.19ms
[2018.08.27-04.46.34:294][ 97]LogSavePackage: Moving '../../../../../../dev/AssetPipeline/AssetPipeline_01/Saved/Map_01_BuiltDataF8CAF857421D2D17FD65C0A2F4ABC109.tmp' to '../../../../../../dev/AssetPipeline/AssetPipeline_01/Content/Map_01_BuiltData.uasset'
[2018.08.27-04.46.34:295][ 97]LogSavePackage: Display: Finished SavePackage ../../../../../../dev/AssetPipeline/AssetPipeline_01/Content/Map_01_BuiltData.uasset
[2018.08.27-04.46.34:301][ 97]LogFileHelpers: Saving map 'Map_01' took 0.219
[2018.08.27-04.46.35:031][166]LogSlate: FSceneViewport::OnFocusLost() reason 0
[2018.08.27-04.46.39:728][651]MapCheck: New page: Map Check
[2018.08.27-04.46.39:749][651]Cmd: MAP REBUILD ALLVISIBLE
[2018.08.27-04.46.39:749][651]LogEditorServer: Rebuildmap Clear paths rebuilt
[2018.08.27-04.46.39:916][651]LogMaterial: Missing cached shader map for material FDebugViewModeMaterialProxy WorldGridMaterial, compiling. Is special engine material.
[2018.08.27-04.46.39:934][651]LogMaterial: Missing cached shader map for material FDebugViewModeMaterialProxy DefaultMaterial, compiling. 
[2018.08.27-04.46.39:940][651]LogShaderCompilers: Display: Shaders left to compile 1
[2018.08.27-04.46.39:940][651]LogMaterial: Missing cached shader map for material FDebugViewModeMaterialProxy MaterialInstanceDynamic_2, compiling. 
[2018.08.27-04.46.39:947][651]LogMaterial: Missing cached shader map for material FDebugViewModeMaterialProxy BasicShapeMaterial, compiling. 
[2018.08.27-04.46.41:273][651]LogShaderCompilers: Display: Shaders left to compile 3
[2018.08.27-04.46.41:273][651]LogShaderCompilers: Display: Shaders left to compile 2
[2018.08.27-04.46.41:273][651]LogShaderCompilers: Display: Shaders left to compile 1
[2018.08.27-04.46.41:273][651]TextureStreamingBuild: Display: Compiling optional shaders took 1.364 seconds.
[2018.08.27-04.46.41:291][651]LogLevel: Display: Export Material TexCoord Scales took 0.018 seconds.
[2018.08.27-04.46.41:297][651]TextureStreamingBuild: Display: Build Texture Streaming took 0.006 seconds.
[2018.08.27-04.46.41:311][651]LightingResults: New page: Lighting Build - Aug 26, 2018, 4:46:41 PM
[2018.08.27-04.46.41:562][651]LogSwarmInterface: [OpenConnection] Registering TCP channel ...
[2018.08.27-04.46.41:733][651]LogSwarmInterface: [OpenConnection] Connecting to agent ...
[2018.08.27-04.46.41:799][651]LogSwarmInterface: [TryOpenConnection] Testing the Agent
[2018.08.27-04.46.43:337][651]LogSwarmInterface: [TryOpenConnection] Opening Connection to Agent
[2018.08.27-04.46.43:338][651]LogSwarmInterface: [TryOpenConnection] Local Process ID is 15976
[2018.08.27-04.46.48:451][651]LogStaticLightingSystem: Warning: No importance volume found, so the scene bounding box was used.  You can optimize your scene's quality and lighting build times by adding importance volumes.
[2018.08.27-04.46.48:452][651]LogStaticLightingSystem: Running Lightmass w/ ImmediateImport mode ENABLED
[2018.08.27-04.46.48:452][651]LogStaticLightingSystem: Running Lightmass w/ ImmediateProcess mode ENABLED
[2018.08.27-04.46.48:452][651]LogStaticLightingSystem: Running Lightmass w/ Sorting mode ENABLED
[2018.08.27-04.46.48:452][651]LogStaticLightingSystem: Running Lightmass w/ Mapping paddings ENABLED
[2018.08.27-04.46.48:452][651]LogStaticLightingSystem: Running Lightmass w/ Mapping debug paddings DISABLED
[2018.08.27-04.46.48:654][651]Cmd: MAP CHECK DONTDISPLAYDIALOG
[2018.08.27-04.46.48:654][651]MapCheck: New page: Map_01 - Aug 26, 2018, 4:46:48 PM
[2018.08.27-04.46.48:660][651]MapCheck: Error: WorldSettings_1 Maps need lighting rebuilt 
[2018.08.27-04.46.48:720][651]MapCheck: Map check complete: 1 Error(s), 0 Warning(s), took 65.768ms to complete.
[2018.08.27-04.46.48:744][651]LogEditorBuildUtils: Build time 0:09
[2018.08.27-04.46.51:237][772]Job is a success!
[2018.08.27-04.46.51:260][773]LogSlate: FSceneViewport::OnFocusLost() reason 2
[2018.08.27-04.46.51:303][773]LogVolumetricLightmapImport: Imported Volumetric Lightmap in 0.010s
[2018.08.27-04.46.51:303][773]LogVolumetricLightmapImport:      Indirection Texture 16x16x16 = 0.0Mb
[2018.08.27-04.46.51:303][773]LogVolumetricLightmapImport:      BrickData 30x5x5 = 0.0Mb
[2018.08.27-04.46.51:303][773]LogVolumetricLightmapImport:      Bricks at Level
[2018.08.27-04.46.51:303][773]LogVolumetricLightmapImport:          0: 16.7% covering 100.0% of volume
[2018.08.27-04.46.51:303][773]LogVolumetricLightmapImport:          1: 16.7% covering 1.6% of volume
[2018.08.27-04.46.51:303][773]LogVolumetricLightmapImport:          2: 66.7% covering 0.1% of volume
[2018.08.27-04.46.51:345][773]LogTexture: Display: Building textures: HQ_Lightmap1_1 (AutoDXT, 256X256)
[2018.08.27-04.46.51:345][773]LogTexture: Display: Building textures: LQ_Lightmap_1_1 (DXT1, 256X256)
[2018.08.27-04.46.51:345][773]LogTexture: Display: Building textures: LQ_Lightmap_1_2 (DXT1, 64X64)
[2018.08.27-04.46.51:345][773]LogTexture: Display: Building textures: HQ_Lightmap1_2 (AutoDXT, 64X64)
[2018.08.27-04.46.51:345][773]LogTexture: Display: Building textures: ShadowMapTexture2D_3 (G8, 32X32)
[2018.08.27-04.46.51:345][773]LogTexture: Display: Building textures: ShadowMapTexture2D_2 (G8, 256X128)
[2018.08.27-04.46.51:391][773]Lightmass on DESKTOPROY: 1.52 sec total, 200 ms importing, 28 ms setup, 705 ms photons, 529 ms processing, 0 ms extra exporting [3/3 mappings]. Threads: 5.33 sec total, 200 ms processing.
[2018.08.27-04.46.51:422][773]LogStaticLightingSystem: Illumination: 10.0 sec (20 ms encoding lightmaps, 8 ms encoding shadowmaps)
[2018.08.27-04.46.51:422][773]LogStaticLightingSystem: Lightmap texture memory:  0.1 MB (0.1 MB streaming, 0.0 MB non-streaming), 4 textures
[2018.08.27-04.46.51:422][773]LogStaticLightingSystem: Shadowmap texture memory: 0.0 MB (0.0 MB streaming, 0.0 MB non-streaming), 2 textures
[2018.08.27-04.46.51:459][773]DumpUnbuiltLightIteractions
[2018.08.27-04.46.51:459][773]Lights with unbuilt interactions: 0
[2018.08.27-04.46.51:459][773]
[2018.08.27-04.46.51:459][773]Primitives with unbuilt interactions: 0
[2018.08.27-04.46.51:463][773]LogSlate: FSceneViewport::OnFocusLost() reason 2
[2018.08.27-04.46.51:524][774]Cmd: MAP CHECK NOTIFYRESULTS
[2018.08.27-04.46.51:525][774]MapCheck: New page: Map_01 - Aug 26, 2018, 4:46:51 PM
[2018.08.27-04.46.51:582][774]MapCheck: Map check complete: 0 Error(s), 0 Warning(s), took 57.266ms to complete.
[2018.08.27-04.46.54:944][109]LogSlate: FSceneViewport::OnFocusLost() reason 0
[2018.08.27-04.50.05:507][790]LogSlate: FSceneViewport::OnFocusLost() reason 0
[2018.08.27-04.50.08:242][801]LogSlate: Window 'Save Content' being destroyed
[2018.08.27-04.50.08:254][801]LogSlate: FSceneViewport::OnFocusLost() reason 2
[2018.08.27-04.50.08:350][801]Cmd: OBJ SAVEPACKAGE PACKAGE="/Game/Map_01" FILE="../../../../../../dev/AssetPipeline/AssetPipeline_01/Content/Map_01.umap" SILENT=true AUTOSAVING=false KEEPDIRTY=false
[2018.08.27-04.50.08:399][801]LogSavePackage: Save=25.96ms
[2018.08.27-04.50.08:399][801]LogSavePackage: Moving '../../../../../../dev/AssetPipeline/AssetPipeline_01/Saved/Map_01FC97669E4B55E71C8B181C801AFFF5A2.tmp' to '../../../../../../dev/AssetPipeline/AssetPipeline_01/Content/Map_01.umap'
[2018.08.27-04.50.08:402][801]LogSavePackage: Display: Finished SavePackage ../../../../../../dev/AssetPipeline/AssetPipeline_01/Content/Map_01.umap
[2018.08.27-04.50.08:421][801]LogFileHelpers: Saving map 'Map_01' took 0.156
[2018.08.27-04.50.08:424][801]Cmd: OBJ SAVEPACKAGE PACKAGE="/Game/Map_01_BuiltData" FILE="../../../../../../dev/AssetPipeline/AssetPipeline_01/Content/Map_01_BuiltData.uasset" SILENT=true
[2018.08.27-04.50.08:449][801]LogSavePackage: Save=15.30ms
[2018.08.27-04.50.08:449][801]LogSavePackage: Moving '../../../../../../dev/AssetPipeline/AssetPipeline_01/Saved/Map_01_BuiltData89120313449929BEFDB2D3B1FACD8D41.tmp' to '../../../../../../dev/AssetPipeline/AssetPipeline_01/Content/Map_01_BuiltData.uasset'
[2018.08.27-04.50.08:452][801]LogSavePackage: Display: Finished SavePackage ../../../../../../dev/AssetPipeline/AssetPipeline_01/Content/Map_01_BuiltData.uasset
[2018.08.27-04.50.08:536][801]LogSlate: Window 'AssetPipeline_01 - Unreal Editor' being destroyed
[2018.08.27-04.50.08:537][801]LogWindowsTextInputMethodSystem: Display: IME system now deactivated.
[2018.08.27-04.50.08:823][802]Cmd: QUIT_EDITOR
[2018.08.27-04.50.08:895][802]LogSlate: Slate User Destroyed.  User Index 0, Is Virtual User: 0
[2018.08.27-04.50.08:896][802]LogExit: Preparing to exit.
[2018.08.27-04.50.09:348][802]LogDirectoryWatcher: A directory notification for 'C:/dev/AssetPipeline/AssetPipeline_01/Content/' was aborted.
[2018.08.27-04.50.09:375][802]LogExit: Editor shut down
[2018.08.27-04.50.09:382][802]LogExit: Transaction tracking system shut down
[2018.08.27-04.50.09:429][802]LogDirectoryWatcher: A directory notification for '../../../Engine/Content/' was aborted.
[2018.08.27-04.50.09:429][802]LogDirectoryWatcher: A directory notification for '../../../../../../dev/AssetPipeline/AssetPipeline_01/Content/' was aborted.
[2018.08.27-04.50.09:429][802]LogDirectoryWatcher: A directory notification for '../../Plugins/2D/Paper2D/Content/' was aborted.
[2018.08.27-04.50.09:429][802]LogDirectoryWatcher: A directory notification for '../../Plugins/Enterprise/DatasmithContent/Content/' was aborted.
[2018.08.27-04.50.09:429][802]LogDirectoryWatcher: A directory notification for '../../Plugins/Media/MediaCompositing/Content/' was aborted.
[2018.08.27-04.50.09:429][802]LogDirectoryWatcher: A directory notification for '../../Plugins/Runtime/AppleARKit/Content/' was aborted.
[2018.08.27-04.50.09:429][802]LogDirectoryWatcher: A directory notification for '../../Plugins/Runtime/Oculus/OculusVR/Content/' was aborted.
[2018.08.27-04.50.09:429][802]LogDirectoryWatcher: A directory notification for '../../Plugins/Runtime/Steam/SteamVR/Content/' was aborted.
[2018.08.27-04.50.09:546][802]LogExit: Object subsystem successfully closed.
[2018.08.27-04.50.09:579][802]LogShaderCompilers: Display: Shaders left to compile 0
[2018.08.27-04.50.09:584][802]LogD3D11RHI: Shutdown
[2018.08.27-04.50.09:585][802]LogD3D11RHI: CleanupD3DDevice
[2018.08.27-04.50.09:589][802]LogD3D11RHI: ~FD3D11DynamicRHI
[2018.08.27-04.50.09:635][802]LogModuleManager: Shutting down and abandoning module HierarchicalLODOutliner (576)
[2018.08.27-04.50.09:635][802]LogModuleManager: Shutting down and abandoning module SceneOutliner (574)
[2018.08.27-04.50.09:635][802]LogModuleManager: Shutting down and abandoning module AddContentDialog (572)
[2018.08.27-04.50.09:635][802]LogDirectoryWatcher: A directory notification for 'C:/Program Files/Epic Games/UE_4.19/FeaturePacks/' was aborted.
[2018.08.27-04.50.09:636][802]LogModuleManager: Shutting down and abandoning module WidgetCarousel (571)
[2018.08.27-04.50.09:636][802]LogModuleManager: Shutting down and abandoning module EditorWidgets (568)
[2018.08.27-04.50.09:636][802]LogModuleManager: Shutting down and abandoning module CollectionManager (566)
[2018.08.27-04.50.09:637][802]LogDirectoryWatcher: A directory notification for 'C:/dev/AssetPipeline/AssetPipeline_01/Content/Collections/' was aborted.
[2018.08.27-04.50.09:637][802]LogDirectoryWatcher: A directory notification for 'C:/dev/AssetPipeline/AssetPipeline_01/Content/Developers/christian/Collections/' was aborted.
[2018.08.27-04.50.09:637][802]LogDirectoryWatcher: A directory notification for 'C:/dev/AssetPipeline/AssetPipeline_01/Saved/Collections/' was aborted.
[2018.08.27-04.50.09:637][802]LogModuleManager: Shutting down and abandoning module HierarchicalLODUtilities (564)
[2018.08.27-04.50.09:638][802]LogModuleManager: Shutting down and abandoning module StatsViewer (562)
[2018.08.27-04.50.09:638][802]LogModuleManager: Shutting down and abandoning module FoliageEdit (560)
[2018.08.27-04.50.09:638][802]LogModuleManager: Shutting down and abandoning module LandscapeEditor (558)
[2018.08.27-04.50.09:638][802]LogModuleManager: Shutting down and abandoning module MeshPaintMode (556)
[2018.08.27-04.50.09:639][802]LogModuleManager: Shutting down and abandoning module SceneDepthPickerMode (554)
[2018.08.27-04.50.09:639][802]LogModuleManager: Shutting down and abandoning module ActorPickerMode (552)
[2018.08.27-04.50.09:639][802]LogModuleManager: Shutting down and abandoning module GeometryMode (550)
[2018.08.27-04.50.09:639][802]LogModuleManager: Shutting down and abandoning module TextureAlignMode (548)
[2018.08.27-04.50.09:639][802]LogModuleManager: Shutting down and abandoning module BspMode (546)
[2018.08.27-04.50.09:639][802]LogModuleManager: Shutting down and abandoning module PIEPreviewDeviceProfileSelector (544)
[2018.08.27-04.50.09:639][802]LogModuleManager: Shutting down and abandoning module HardwareSurvey (542)
[2018.08.27-04.50.09:639][802]LogModuleManager: Shutting down and abandoning module SequenceRecorderSections (540)
[2018.08.27-04.50.09:639][802]LogModuleManager: Shutting down and abandoning module AutomationWorker (538)
[2018.08.27-04.50.09:639][802]LogModuleManager: Shutting down and abandoning module AudioCaptureEditor (536)
[2018.08.27-04.50.09:639][802]LogModuleManager: Shutting down and abandoning module SequenceRecorder (535)
[2018.08.27-04.50.09:640][802]LogModuleManager: Shutting down and abandoning module MatineeToLevelSequence (532)
[2018.08.27-04.50.09:640][802]LogModuleManager: Shutting down and abandoning module LevelSequenceEditor (530)
[2018.08.27-04.50.09:642][802]LogModuleManager: Shutting down and abandoning module PlacementMode (529)
[2018.08.27-04.50.09:642][802]LogModuleManager: Shutting down and abandoning module MaterialEditor (528)
[2018.08.27-04.50.09:644][802]LogModuleManager: Shutting down and abandoning module WmfMediaFactory (524)
[2018.08.27-04.50.09:644][802]LogModuleManager: Shutting down and abandoning module WmfMediaEditor (522)
[2018.08.27-04.50.09:644][802]LogModuleManager: Shutting down and abandoning module MediaPlayerEditor (520)
[2018.08.27-04.50.09:646][802]LogModuleManager: Shutting down and abandoning module OpenExrWrapper (518)
[2018.08.27-04.50.09:646][802]LogModuleManager: Shutting down and abandoning module ImgMediaFactory (516)
[2018.08.27-04.50.09:646][802]LogModuleManager: Shutting down and abandoning module ImgMediaEditor (514)
[2018.08.27-04.50.09:646][802]LogModuleManager: Shutting down and abandoning module AvfMediaFactory (512)
[2018.08.27-04.50.09:646][802]LogModuleManager: Shutting down and abandoning module AvfMediaEditor (510)
[2018.08.27-04.50.09:646][802]LogModuleManager: Shutting down and abandoning module AndroidMediaFactory (508)
[2018.08.27-04.50.09:646][802]LogModuleManager: Shutting down and abandoning module AndroidMediaEditor (506)
[2018.08.27-04.50.09:646][802]LogModuleManager: Shutting down and abandoning module CharacterAI (504)
[2018.08.27-04.50.09:646][802]LogModuleManager: Shutting down and abandoning module SmartSnapping (502)
[2018.08.27-04.50.09:646][802]LogModuleManager: Shutting down and abandoning module SessionServices (500)
[2018.08.27-04.50.09:646][802]LogModuleManager: Shutting down and abandoning module ViewportSnapping (498)
[2018.08.27-04.50.09:646][802]LogModuleManager: Shutting down and abandoning module ViewportInteraction (496)
[2018.08.27-04.50.09:646][802]LogModuleManager: Shutting down and abandoning module ClothPainter (494)
[2018.08.27-04.50.09:647][802]LogModuleManager: Shutting down and abandoning module SkeletalMeshEditor (493)
[2018.08.27-04.50.09:648][802]LogModuleManager: Shutting down and abandoning module LogVisualizer (490)
[2018.08.27-04.50.09:648][802]LogModuleManager: Shutting down and abandoning module IntroTutorials (488)
[2018.08.27-04.50.09:650][802]LogModuleManager: Shutting down and abandoning module GameProjectGeneration (487)
[2018.08.27-04.50.09:650][802]LogModuleManager: Shutting down and abandoning module IOSPlatformEditor (484)
[2018.08.27-04.50.09:651][802]LogModuleManager: Shutting down and abandoning module HTML5PlatformEditor (482)
[2018.08.27-04.50.09:651][802]LogModuleManager: Shutting down and abandoning module AndroidPlatformEditor (480)
[2018.08.27-04.50.09:651][802]LogModuleManager: Shutting down and abandoning module AndroidDeviceDetection (479)
[2018.08.27-04.50.09:817][802]LogModuleManager: Shutting down and abandoning module WindowsPlatformEditor (476)
[2018.08.27-04.50.09:817][802]LogModuleManager: Shutting down and abandoning module IOSRuntimeSettings (474)
[2018.08.27-04.50.09:818][802]LogModuleManager: Shutting down and abandoning module AndroidRuntimeSettings (472)
[2018.08.27-04.50.09:818][802]LogModuleManager: Shutting down and abandoning module InputBindingEditor (470)
[2018.08.27-04.50.09:818][802]LogModuleManager: Shutting down and abandoning module MergeActors (468)
[2018.08.27-04.50.09:818][802]LogModuleManager: Shutting down and abandoning module LocalizationDashboard (466)
[2018.08.27-04.50.09:819][802]LogModuleManager: Shutting down and abandoning module LocalizationService (465)
[2018.08.27-04.50.09:819][802]LogModuleManager: Shutting down and abandoning module HardwareTargeting (462)
[2018.08.27-04.50.09:819][802]LogModuleManager: Shutting down and abandoning module DeviceProfileEditor (460)
[2018.08.27-04.50.09:820][802]LogModuleManager: Shutting down and abandoning module UndoHistory (458)
[2018.08.27-04.50.09:820][802]LogModuleManager: Shutting down and abandoning module XmlParser (456)
[2018.08.27-04.50.09:820][802]LogModuleManager: Shutting down and abandoning module Blutility (454)
[2018.08.27-04.50.09:820][802]LogModuleManager: Shutting down and abandoning module ProjectSettingsViewer (452)
[2018.08.27-04.50.09:820][802]LogModuleManager: Shutting down and abandoning module ProjectTargetPlatformEditor (451)
[2018.08.27-04.50.09:820][802]LogModuleManager: Shutting down and abandoning module EditorSettingsViewer (448)
[2018.08.27-04.50.09:820][802]LogModuleManager: Shutting down and abandoning module SettingsEditor (446)
[2018.08.27-04.50.09:821][802]LogModuleManager: Shutting down and abandoning module ProjectLauncher (444)
[2018.08.27-04.50.09:822][802]LogModuleManager: Shutting down and abandoning module SessionFrontend (442)
[2018.08.27-04.50.09:822][802]LogModuleManager: Shutting down and abandoning module ProfilerClient (440)
[2018.08.27-04.50.09:822][802]LogModuleManager: Shutting down and abandoning module DeviceManager (438)
[2018.08.27-04.50.09:822][802]LogModuleManager: Shutting down and abandoning module TargetDeviceServices (437)
[2018.08.27-04.50.09:888][802]LogModuleManager: Shutting down and abandoning module AutomationController (434)
[2018.08.27-04.50.09:888][802]LogModuleManager: Shutting down and abandoning module AutomationWindow (432)
[2018.08.27-04.50.09:890][802]LogModuleManager: Shutting down and abandoning module Layers (430)
[2018.08.27-04.50.09:891][802]LogModuleManager: Shutting down and abandoning module ComponentVisualizers (428)
[2018.08.27-04.50.09:891][802]LogModuleManager: Shutting down and abandoning module DetailCustomizations (426)
[2018.08.27-04.50.09:892][802]LogModuleManager: Shutting down and abandoning module PackagesDialog (424)
[2018.08.27-04.50.09:892][802]LogModuleManager: Shutting down and abandoning module Persona (422)
[2018.08.27-04.50.09:893][802]LogModuleManager: Shutting down and abandoning module AdvancedPreviewScene (421)
[2018.08.27-04.50.09:893][802]LogModuleManager: Shutting down and abandoning module AnimGraph (419)
[2018.08.27-04.50.09:893][802]LogModuleManager: Shutting down and abandoning module Kismet (416)
[2018.08.27-04.50.09:894][802]LogModuleManager: Shutting down and abandoning module GraphEditor (414)
[2018.08.27-04.50.09:895][802]LogModuleManager: Shutting down and abandoning module ClassViewer (412)
[2018.08.27-04.50.09:895][802]LogModuleManager: Shutting down and abandoning module Toolbox (410)
[2018.08.27-04.50.09:895][802]LogModuleManager: Shutting down and abandoning module ModuleUI (408)
[2018.08.27-04.50.09:896][802]LogModuleManager: Shutting down and abandoning module MovieSceneTools (406)
[2018.08.27-04.50.09:896][802]LogModuleManager: Shutting down and abandoning module OutputLog (404)
[2018.08.27-04.50.09:896][802]LogModuleManager: Shutting down and abandoning module GammaUI (402)
[2018.08.27-04.50.09:897][802]LogModuleManager: Shutting down and abandoning module Documentation (400)
[2018.08.27-04.50.09:897][802]LogModuleManager: Shutting down and abandoning module MovieSceneTracks (398)
[2018.08.27-04.50.09:897][802]LogModuleManager: Shutting down and abandoning module MovieScene (396)
[2018.08.27-04.50.09:897][802]LogModuleManager: Shutting down and abandoning module StreamingPauseRendering (394)
[2018.08.27-04.50.09:897][802]LogModuleManager: Shutting down and abandoning module LauncherPlatform (392)
[2018.08.27-04.50.09:897][802]LogModuleManager: Shutting down and abandoning module AnalyticsET (390)
[2018.08.27-04.50.09:897][802]LogModuleManager: Shutting down and abandoning module PortalServices (388)
[2018.08.27-04.50.09:897][802]LogModuleManager: Shutting down and abandoning module PortalRpc (386)
[2018.08.27-04.50.09:897][802]LogModuleManager: Shutting down and abandoning module MessagingRpc (384)
[2018.08.27-04.50.09:897][802]LogModuleManager: Shutting down and abandoning module AIModule (382)
[2018.08.27-04.50.09:897][802]LogModuleManager: Shutting down and abandoning module GameplayDebugger (381)
[2018.08.27-04.50.09:897][802]LogModuleManager: Shutting down and abandoning module AITestSuite (379)
[2018.08.27-04.50.09:897][802]LogModuleManager: Shutting down and abandoning module DesktopPlatform (376)
[2018.08.27-04.50.09:898][802]LogModuleManager: Shutting down and abandoning module ProfilerService (374)
[2018.08.27-04.50.10:077][802]LogModuleManager: Shutting down and abandoning module TaskGraph (372)
[2018.08.27-04.50.10:078][802]LogModuleManager: Shutting down and abandoning module SteamVRController (370)
[2018.08.27-04.50.10:078][802]LogModuleManager: Shutting down and abandoning module ProceduralMeshComponentEditor (368)
[2018.08.27-04.50.10:078][802]LogModuleManager: Shutting down and abandoning module ProceduralMeshComponent (366)
[2018.08.27-04.50.10:078][802]LogModuleManager: Shutting down and abandoning module OculusInput (364)
[2018.08.27-04.50.10:078][802]LogModuleManager: Shutting down and abandoning module MobilePatchingUtils (362)
[2018.08.27-04.50.10:078][802]LogModuleManager: Shutting down and abandoning module CustomMeshComponent (360)
[2018.08.27-04.50.10:078][802]LogModuleManager: Shutting down and abandoning module CableComponent (358)
[2018.08.27-04.50.10:078][802]LogModuleManager: Shutting down and abandoning module AudioCapture (356)
[2018.08.27-04.50.10:078][802]LogModuleManager: Shutting down and abandoning module ArchVisCharacter (354)
[2018.08.27-04.50.10:078][802]LogModuleManager: Shutting down and abandoning module AndroidPermission (352)
[2018.08.27-04.50.10:078][802]LogModuleManager: Shutting down and abandoning module NUTUnrealEngine4 (348)
[2018.08.27-04.50.10:078][802]LogModuleManager: Shutting down and abandoning module NetcodeUnitTest (346)
[2018.08.27-04.50.10:079][802]LogModuleManager: Shutting down and abandoning module MediaCompositingEditor (344)
[2018.08.27-04.50.10:079][802]LogModuleManager: Shutting down and abandoning module MediaCompositing (342)
[2018.08.27-04.50.10:079][802]LogModuleManager: Shutting down and abandoning module LinearTimecode (340)
[2018.08.27-04.50.10:079][802]LogModuleManager: Shutting down and abandoning module ImgMedia (338)
[2018.08.27-04.50.10:083][802]LogModuleManager: Shutting down and abandoning module HTML5Networking (336)
[2018.08.27-04.50.10:083][802]LogModuleManager: Shutting down and abandoning module AlembicImporter (334)
[2018.08.27-04.50.10:083][802]LogModuleManager: Shutting down and abandoning module AlembicLibrary (333)
[2018.08.27-04.50.10:083][802]LogModuleManager: Shutting down and abandoning module GeometryCache (332)
[2018.08.27-04.50.10:084][802]LogModuleManager: Shutting down and abandoning module GeometryCacheEd (331)
[2018.08.27-04.50.10:084][802]LogModuleManager: Shutting down and abandoning module DatasmithContent (326)
[2018.08.27-04.50.10:084][802]LogModuleManager: Shutting down and abandoning module SpeedTreeImporter (324)
[2018.08.27-04.50.10:084][802]LogModuleManager: Shutting down and abandoning module PluginBrowser (322)
[2018.08.27-04.50.10:085][802]LogModuleManager: Shutting down and abandoning module MobileLauncherProfileWizard (320)
[2018.08.27-04.50.10:085][802]LogModuleManager: Shutting down and abandoning module CryptoKeysOpenSSL (318)
[2018.08.27-04.50.10:086][802]LogModuleManager: Shutting down and abandoning module CryptoKeys (316)
[2018.08.27-04.50.10:086][802]LogModuleManager: Shutting down and abandoning module VisualStudioSourceCodeAccess (314)
[2018.08.27-04.50.10:086][802]LogModuleManager: Shutting down and abandoning module VisualStudioCodeSourceCodeAccess (312)
[2018.08.27-04.50.10:086][802]LogModuleManager: Shutting down and abandoning module UObjectPlugin (310)
[2018.08.27-04.50.10:086][802]LogModuleManager: Shutting down and abandoning module SubversionSourceControl (308)
[2018.08.27-04.50.10:086][802]LogModuleManager: Shutting down and abandoning module PerforceSourceControl (306)
[2018.08.27-04.50.10:087][802]LogModuleManager: Shutting down and abandoning module GitSourceControl (304)
[2018.08.27-04.50.10:088][802]LogModuleManager: Shutting down and abandoning module SourceControl (303)
[2018.08.27-04.50.10:088][802]LogModuleManager: Shutting down and abandoning module CLionSourceCodeAccess (300)
[2018.08.27-04.50.10:089][802]LogModuleManager: Shutting down and abandoning module LightPropagationVolumeEditor (298)
[2018.08.27-04.50.10:089][802]LogModuleManager: Shutting down and abandoning module PaperTiledImporter (296)
[2018.08.27-04.50.10:089][802]LogModuleManager: Shutting down and abandoning module PaperSpriteSheetImporter (294)
[2018.08.27-04.50.10:089][802]LogModuleManager: Shutting down and abandoning module Paper2DEditor (292)
[2018.08.27-04.50.10:089][802]LogModuleManager: Shutting down and abandoning module MeshPaint (291)
[2018.08.27-04.50.10:089][802]LogModuleManager: Shutting down and abandoning module RuntimePhysXCooking (288)
[2018.08.27-04.50.10:089][802]LogModuleManager: Shutting down and abandoning module PhysXVehiclesEditor (286)
[2018.08.27-04.50.10:089][802]LogModuleManager: Shutting down and abandoning module PhysXVehicles (284)
[2018.08.27-04.50.10:089][802]LogModuleManager: Shutting down and abandoning module OculusEditor (282)
[2018.08.27-04.50.10:089][802]LogModuleManager: Shutting down and abandoning module LocationServicesBPLibrary (280)
[2018.08.27-04.50.10:089][802]LogModuleManager: Shutting down and abandoning module ImmediatePhysicsEditor (278)
[2018.08.27-04.50.10:089][802]LogModuleManager: Shutting down and abandoning module ImmediatePhysics (276)
[2018.08.27-04.50.10:090][802]LogModuleManager: Shutting down and abandoning module ActorSequence (274)
[2018.08.27-04.50.10:090][802]LogModuleManager: Shutting down and abandoning module UdpMessaging (272)
[2018.08.27-04.50.10:191][802]LogModuleManager: Shutting down and abandoning module TcpMessaging (270)
[2018.08.27-04.50.10:292][802]LogModuleManager: Shutting down and abandoning module GameplayTagsEditor (268)
[2018.08.27-04.50.10:292][802]LogModuleManager: Shutting down and abandoning module FacialAnimationEditor (266)
[2018.08.27-04.50.10:292][802]LogModuleManager: Shutting down and abandoning module FacialAnimation (264)
[2018.08.27-04.50.10:292][802]LogModuleManager: Shutting down and abandoning module DataValidation (262)
[2018.08.27-04.50.10:293][802]LogModuleManager: Shutting down and abandoning module AssetManagerEditor (260)
[2018.08.27-04.50.10:293][802]LogModuleManager: Shutting down and abandoning module LevelEditor (259)
[2018.08.27-04.50.10:294][802]LogModuleManager: Shutting down and abandoning module PixelInspectorModule (258)
[2018.08.27-04.50.10:295][802]LogModuleManager: Shutting down and abandoning module CommonMenuExtensions (256)
[2018.08.27-04.50.10:295][802]LogModuleManager: Shutting down and abandoning module MainFrame (254)
[2018.08.27-04.50.10:295][802]LogModuleManager: Shutting down and abandoning module HotReload (253)
[2018.08.27-04.50.10:296][802]LogModuleManager: Shutting down and abandoning module ContentBrowser (249)
[2018.08.27-04.50.10:297][802]LogModuleManager: Shutting down and abandoning module TreeMap (247)
[2018.08.27-04.50.10:297][802]LogModuleManager: Shutting down and abandoning module LightPropagationVolumeRuntime (244)
[2018.08.27-04.50.10:297][802]LogModuleManager: Shutting down and abandoning module LiveLinkEditor (242)
[2018.08.27-04.50.10:298][802]LogModuleManager: Shutting down and abandoning module LiveLink (240)
[2018.08.27-04.50.10:911][802]LogModuleManager: Shutting down and abandoning module Paper2D (238)
[2018.08.27-04.50.10:912][802]LogModuleManager: Shutting down and abandoning module WindowsMoviePlayer (236)
[2018.08.27-04.50.10:912][802]LogModuleManager: Shutting down and abandoning module WmfMedia (234)
[2018.08.27-04.50.10:913][802]LogModuleManager: Shutting down and abandoning module Media (233)
[2018.08.27-04.50.10:919][802]LogModuleManager: Shutting down and abandoning module PacketHandler (230)
[2018.08.27-04.50.10:919][802]LogModuleManager: Shutting down and abandoning module ClothingSystemEditor (228)
[2018.08.27-04.50.10:920][802]LogModuleManager: Shutting down and abandoning module ClothingSystemRuntime (226)
[2018.08.27-04.50.10:920][802]LogModuleManager: Shutting down and abandoning module MediaAssets (224)
[2018.08.27-04.50.10:920][802]LogModuleManager: Shutting down and abandoning module Overlay (222)
[2018.08.27-04.50.10:920][802]LogModuleManager: Shutting down and abandoning module OverlayEditor (221)
[2018.08.27-04.50.10:920][802]LogModuleManager: Shutting down and abandoning module VREditor (218)
[2018.08.27-04.50.10:921][802]LogModuleManager: Shutting down and abandoning module StringTableEditor (216)
[2018.08.27-04.50.10:921][802]LogModuleManager: Shutting down and abandoning module GameplayTasksEditor (214)
[2018.08.27-04.50.10:921][802]LogModuleManager: Shutting down and abandoning module BehaviorTreeEditor (212)
[2018.08.27-04.50.10:923][802]LogModuleManager: Shutting down and abandoning module FunctionalTesting (210)
[2018.08.27-04.50.10:923][802]LogModuleManager: Shutting down and abandoning module CollisionAnalyzer (208)
[2018.08.27-04.50.10:924][802]LogModuleManager: Shutting down and abandoning module WorkspaceMenuStructure (207)
[2018.08.27-04.50.10:924][802]LogModuleManager: Shutting down and abandoning module UMG (204)
[2018.08.27-04.50.10:924][802]LogModuleManager: Shutting down and abandoning module UMGEditor (203)
[2018.08.27-04.50.10:925][802]LogModuleManager: Shutting down and abandoning module Sequencer (202)
[2018.08.27-04.50.10:926][802]LogModuleManager: Shutting down and abandoning module MessageLog (199)
[2018.08.27-04.50.10:926][802]LogModuleManager: Shutting down and abandoning module SlateReflector (194)
[2018.08.27-04.50.10:928][802]LogModuleManager: Shutting down and abandoning module Slate (192)
[2018.08.27-04.50.10:928][802]LogModuleManager: Shutting down and abandoning module EditorStyle (190)
[2018.08.27-04.50.10:930][802]LogModuleManager: Shutting down and abandoning module MRMesh (188)
[2018.08.27-04.50.10:930][802]LogModuleManager: Shutting down and abandoning module SourceCodeAccess (186)
[2018.08.27-04.50.10:930][802]LogModuleManager: Shutting down and abandoning module HeadMountedDisplay (184)
[2018.08.27-04.50.10:930][802]LogModuleManager: Shutting down and abandoning module XAudio2 (182)
[2018.08.27-04.50.10:930][802]LogModuleManager: Shutting down and abandoning module Networking (180)
[2018.08.27-04.50.10:930][802]LogModuleManager: Shutting down and abandoning module Core (178)
[2018.08.27-04.50.10:930][802]LogModuleManager: Shutting down and abandoning module LevelSequence (176)
[2018.08.27-04.50.10:930][802]LogModuleManager: Shutting down and abandoning module KismetCompiler (174)
[2018.08.27-04.50.10:930][802]LogModuleManager: Shutting down and abandoning module MeshUtilities (172)
[2018.08.27-04.50.10:931][802]LogModuleManager: Shutting down and abandoning module MeshMergeUtilities (171)
[2018.08.27-04.50.10:931][802]LogModuleManager: Shutting down and abandoning module MeshReductionInterface (170)
[2018.08.27-04.50.10:931][802]LogModuleManager: Shutting down and abandoning module SimplygonSwarm (169)
[2018.08.27-04.50.10:931][802]LogModuleManager: Shutting down and abandoning module SimplygonMeshReduction (167)
[2018.08.27-04.50.10:931][802]LogModuleManager: Shutting down and abandoning module QuadricMeshReduction (165)
[2018.08.27-04.50.10:932][802]LogModuleManager: Shutting down and abandoning module MaterialBaking (161)
[2018.08.27-04.50.10:932][802]LogModuleManager: Shutting down and abandoning module DirectoryWatcher (157)
[2018.08.27-04.50.10:933][802]LogModuleManager: Shutting down and abandoning module DerivedDataCache (154)
[2018.08.27-04.50.10:973][802]LogDerivedDataCache: Shutdown
[2018.08.27-04.50.10:974][802]LogModuleManager: Shutting down and abandoning module XGEController (152)
[2018.08.27-04.50.10:974][802]LogModuleManager: Shutting down and abandoning module TargetPlatform (150)
[2018.08.27-04.50.10:974][802]LogModuleManager: Shutting down and abandoning module VulkanShaderFormat (149)
[2018.08.27-04.50.10:974][802]LogModuleManager: Shutting down and abandoning module ShaderFormatVectorVM (147)
[2018.08.27-04.50.10:974][802]LogModuleManager: Shutting down and abandoning module ShaderFormatOpenGL (145)
[2018.08.27-04.50.10:974][802]LogModuleManager: Shutting down and abandoning module ShaderFormatD3D (143)
[2018.08.27-04.50.10:975][802]LogModuleManager: Shutting down and abandoning module MetalShaderFormat (141)
[2018.08.27-04.50.10:975][802]LogModuleManager: Shutting down and abandoning module TextureFormatUncompressed (139)
[2018.08.27-04.50.10:975][802]LogModuleManager: Shutting down and abandoning module TextureFormatPVR (137)
[2018.08.27-04.50.10:975][802]LogModuleManager: Shutting down and abandoning module TextureFormatDXT (135)
[2018.08.27-04.50.10:975][802]LogModuleManager: Shutting down and abandoning module TextureFormatIntelISPCTexComp (133)
[2018.08.27-04.50.10:976][802]LogModuleManager: Shutting down and abandoning module TextureFormatASTC (131)
[2018.08.27-04.50.10:976][802]LogModuleManager: Shutting down and abandoning module ImageWrapper (130)
[2018.08.27-04.50.10:976][802]LogModuleManager: Shutting down and abandoning module TextureFormatAndroid (127)
[2018.08.27-04.50.10:976][802]LogModuleManager: Shutting down and abandoning module AudioFormatOpus (125)
[2018.08.27-04.50.10:976][802]LogModuleManager: Shutting down and abandoning module AudioFormatOgg (123)
[2018.08.27-04.50.10:976][802]LogModuleManager: Shutting down and abandoning module AudioFormatADPCM (121)
[2018.08.27-04.50.10:976][802]LogModuleManager: Shutting down and abandoning module LinuxTargetPlatform (119)
[2018.08.27-04.50.10:976][802]LogModuleManager: Shutting down and abandoning module LinuxServerTargetPlatform (117)
[2018.08.27-04.50.10:976][802]LogModuleManager: Shutting down and abandoning module LinuxNoEditorTargetPlatform (115)
[2018.08.27-04.50.10:976][802]LogModuleManager: Shutting down and abandoning module LinuxClientTargetPlatform (113)
[2018.08.27-04.50.10:976][802]LogModuleManager: Shutting down and abandoning module TVOSTargetPlatform (111)
[2018.08.27-04.50.10:976][802]LogModuleManager: Shutting down and abandoning module Messaging (109)
[2018.08.27-04.50.10:976][802]LogModuleManager: Shutting down and abandoning module IOSTargetPlatform (107)
[2018.08.27-04.50.10:976][802]LogModuleManager: Shutting down and abandoning module HTML5TargetPlatform (105)
[2018.08.27-04.50.10:976][802]LogModuleManager: Shutting down and abandoning module AndroidTargetPlatform (103)
[2018.08.27-04.50.10:976][802]LogModuleManager: Shutting down and abandoning module Android_PVRTCTargetPlatform (101)
[2018.08.27-04.50.10:976][802]LogModuleManager: Shutting down and abandoning module Android_MultiTargetPlatform (99)
[2018.08.27-04.50.10:976][802]LogModuleManager: Shutting down and abandoning module Android_ETC2TargetPlatform (97)
[2018.08.27-04.50.10:976][802]LogModuleManager: Shutting down and abandoning module Android_ETC1TargetPlatform (95)
[2018.08.27-04.50.10:976][802]LogModuleManager: Shutting down and abandoning module Android_ETC1aTargetPlatform (93)
[2018.08.27-04.50.10:976][802]LogModuleManager: Shutting down and abandoning module Android_DXTTargetPlatform (91)
[2018.08.27-04.50.10:976][802]LogModuleManager: Shutting down and abandoning module Android_ATCTargetPlatform (89)
[2018.08.27-04.50.10:976][802]LogModuleManager: Shutting down and abandoning module Android_ASTCTargetPlatform (87)
[2018.08.27-04.50.10:976][802]LogModuleManager: Shutting down and abandoning module WindowsTargetPlatform (85)
[2018.08.27-04.50.10:976][802]LogModuleManager: Shutting down and abandoning module WindowsServerTargetPlatform (83)
[2018.08.27-04.50.10:976][802]LogModuleManager: Shutting down and abandoning module WindowsNoEditorTargetPlatform (81)
[2018.08.27-04.50.10:976][802]LogModuleManager: Shutting down and abandoning module WindowsClientTargetPlatform (79)
[2018.08.27-04.50.10:976][802]LogModuleManager: Shutting down and abandoning module MacTargetPlatform (77)
[2018.08.27-04.50.10:976][802]LogModuleManager: Shutting down and abandoning module MacServerTargetPlatform (75)
[2018.08.27-04.50.10:976][802]LogModuleManager: Shutting down and abandoning module MacNoEditorTargetPlatform (73)
[2018.08.27-04.50.10:976][802]LogModuleManager: Shutting down and abandoning module MacClientTargetPlatform (71)
[2018.08.27-04.50.10:976][802]LogModuleManager: Shutting down and abandoning module AllDesktopTargetPlatform (69)
[2018.08.27-04.50.10:976][802]LogModuleManager: Shutting down and abandoning module InputCore (66)
[2018.08.27-04.50.10:976][802]LogModuleManager: Shutting down and abandoning module Settings (64)
[2018.08.27-04.50.10:976][802]LogModuleManager: Shutting down and abandoning module PhysXCooking (62)
[2018.08.27-04.50.10:976][802]LogModuleManager: Shutting down and abandoning module SteamVR (60)
[2018.08.27-04.50.10:976][802]LogModuleManager: Shutting down and abandoning module OculusHMD (58)
[2018.08.27-04.50.10:977][802]LogModuleManager: Shutting down and abandoning module ExampleDeviceProfileSelector (56)
[2018.08.27-04.50.10:977][802]LogModuleManager: Shutting down and abandoning module AppleARKit (54)
[2018.08.27-04.50.10:977][802]LogModuleManager: Shutting down and abandoning module AugmentedReality (51)
[2018.08.27-04.50.10:977][802]LogModuleManager: Shutting down and abandoning module OnlineBlueprintSupport (48)
[2018.08.27-04.50.10:977][802]LogModuleManager: Shutting down and abandoning module OnlineSubsystem (44)
[2018.08.27-04.50.10:978][802]LogModuleManager: Shutting down and abandoning module XMPP (43)
[2018.08.27-04.50.10:979][802]LogModuleManager: Shutting down and abandoning module HTTP (41)
[2018.08.27-04.50.10:979][802]LogHttp: Display: Http module shutting down, but needs to wait on 1 outstanding Http requests:
[2018.08.27-04.50.10:979][802]LogHttp: Display: 	verb=[POST] url=[https://datarouter.ol.epicgames.com/datarouter/api/v1/public/data?SessionID=%7B256BEEE1-48BE-7BAE-3CFE-2C9504436585%7D&AppID=UEEditor.Rocket.Release&AppVersion=4.19.2-4033788%2B%2B%2BUE4%2BRelease-4.19&UserID=59757af845ff62e9380a24ab3d59c2b4%7C4d70b09863504e2d8fe0ce1589eb981c%7C3b1c29c5-2fe4-4705-aba8-98eb97a1576c&AppEnvironment=datacollector-binary&UploadType=eteventstream] status=Processing
[2018.08.27-04.50.10:983][802]LogModuleManager: Shutting down and abandoning module SSL (40)
[2018.08.27-04.50.10:985][802]LogModuleManager: Shutting down and abandoning module AnimationModifiers (36)
[2018.08.27-04.50.10:986][802]LogModuleManager: Shutting down and abandoning module PropertyEditor (35)
[2018.08.27-04.50.10:987][802]LogModuleManager: Shutting down and abandoning module AudioEditor (32)
[2018.08.27-04.50.10:988][802]LogModuleManager: Shutting down and abandoning module TextureCompressor (30)
[2018.08.27-04.50.10:988][802]LogModuleManager: Shutting down and abandoning module ShaderCore (28)
[2018.08.27-04.50.10:988][802]LogModuleManager: Shutting down and abandoning module Landscape (26)
[2018.08.27-04.50.10:988][802]LogModuleManager: Shutting down and abandoning module SlateRHIRenderer (24)
[2018.08.27-04.50.10:990][802]LogModuleManager: Shutting down and abandoning module OpenGLDrv (22)
[2018.08.27-04.50.10:990][802]LogModuleManager: Shutting down and abandoning module D3D11RHI (20)
[2018.08.27-04.50.10:990][802]LogModuleManager: Shutting down and abandoning module AnimGraphRuntime (18)
[2018.08.27-04.50.10:991][802]LogModuleManager: Shutting down and abandoning module Renderer (16)
[2018.08.27-04.50.10:991][802]LogModuleManager: Shutting down and abandoning module Engine (14)
[2018.08.27-04.50.10:991][802]LogModuleManager: Shutting down and abandoning module CoreUObject (12)
[2018.08.27-04.50.10:991][802]LogModuleManager: Shutting down and abandoning module NetworkFile (10)
[2018.08.27-04.50.10:991][802]LogModuleManager: Shutting down and abandoning module CookedIterativeFile (8)
[2018.08.27-04.50.10:991][802]LogModuleManager: Shutting down and abandoning module StreamingFile (6)
[2018.08.27-04.50.10:991][802]LogModuleManager: Shutting down and abandoning module SandboxFile (4)
[2018.08.27-04.50.10:991][802]LogModuleManager: Shutting down and abandoning module PakFile (2)
[2018.08.27-04.50.11:001][802]LogExit: Exiting.
[2018.08.27-04.50.11:015][802]Log file closed, 08/26/18 22:50:11
